Started GET "/" for ::1 at 2024-12-09 17:39:52 -0600
  [1m[36mActiveRecord::SchemaMigration Pluck (0.7ms)[0m  [1m[34mSELECT "schema_migrations"."version" FROM "schema_migrations" ORDER BY "schema_migrations"."version" ASC[0m
Processing by PagesController#home as HTML
  [1m[36mPart Load (0.4ms)[0m  [1m[34mSELECT "parts".* FROM "parts" ORDER BY "parts"."id" ASC LIMIT $1[0m  [["LIMIT", 4]]
  ↳ app/controllers/pages_controller.rb:6:in `home'
  Rendering layout layouts/application.html.erb
  Rendering pages/home.html.erb within layouts/application
  [1m[36mBuild Load (0.7ms)[0m  [1m[34mSELECT "builds".* FROM "builds" WHERE "builds"."published" = $1[0m  [["published", true]]
  ↳ app/views/pages/home.html.erb:23
  Rendered pages/home.html.erb within layouts/application (Duration: 13.5ms | Allocations: 7280)
  [1m[36mUser Load (1.1ms)[0m  [1m[34mSELECT "users".* FROM "users" WHERE "users"."id" = $1 ORDER BY "users"."id" ASC LIMIT $2[0m  [["id", 2], ["LIMIT", 1]]
  ↳ app/views/shared/_navbar.html.erb:10
  Rendered shared/_navbar.html.erb (Duration: 25.3ms | Allocations: 7616)
  Rendered shared/_flash.html.erb (Duration: 0.2ms | Allocations: 197)
  Rendered layout layouts/application.html.erb (Duration: 2856.1ms | Allocations: 182476)
Completed 200 OK in 2889ms (Views: 2858.0ms | ActiveRecord: 17.4ms | Allocations: 204240)


Started GET "/styles.css" for ::1 at 2024-12-09 17:39:55 -0600
Started GET "/script.js" for ::1 at 2024-12-09 17:39:55 -0600
  
ActionController::RoutingError (No route matches [GET] "/styles.css"):
  
  
ActionController::RoutingError (No route matches [GET] "/script.js"):
  
Started GET "/users/2" for ::1 at 2024-12-09 17:41:07 -0600
Processing by UsersController#show as HTML
  Parameters: {"id"=>"2"}
  [1m[36mUser Load (0.2ms)[0m  [1m[34mSELECT "users".* FROM "users" WHERE "users"."id" = $1 LIMIT $2[0m  [["id", 2], ["LIMIT", 1]]
  ↳ app/controllers/users_controller.rb:5:in `show'
  Rendering layout layouts/application.html.erb
  Rendering users/show.html.erb within layouts/application
  [1m[36mUser Load (0.3ms)[0m  [1m[34mSELECT "users".* FROM "users" WHERE "users"."id" = $1 ORDER BY "users"."id" ASC LIMIT $2[0m  [["id", 2], ["LIMIT", 1]]
  ↳ app/views/users/show.html.erb:3
  [1m[36mBuild Load (0.1ms)[0m  [1m[34mSELECT "builds".* FROM "builds" WHERE "builds"."user_id" = $1[0m  [["user_id", 2]]
  ↳ app/views/users/show.html.erb:18
  Rendered users/show.html.erb within layouts/application (Duration: 3.3ms | Allocations: 2326)
  Rendered shared/_navbar.html.erb (Duration: 0.4ms | Allocations: 676)
  Rendered shared/_flash.html.erb (Duration: 0.0ms | Allocations: 29)
  Rendered layout layouts/application.html.erb (Duration: 8.3ms | Allocations: 8390)
Completed 200 OK in 25ms (Views: 9.3ms | ActiveRecord: 0.7ms | Allocations: 14534)


Started GET "/orders" for ::1 at 2024-12-09 17:41:07 -0600
Processing by OrdersController#index as HTML
  Rendering layout layouts/application.html.erb
  Rendering orders/index.html.erb within layouts/application
  [1m[36mOrder Load (1.0ms)[0m  [1m[34mSELECT "orders".* FROM "orders"[0m
  ↳ app/views/orders/index.html.erb:13
  Rendered orders/index.html.erb within layouts/application (Duration: 3.8ms | Allocations: 1264)
  [1m[36mUser Load (0.4ms)[0m  [1m[34mSELECT "users".* FROM "users" WHERE "users"."id" = $1 ORDER BY "users"."id" ASC LIMIT $2[0m  [["id", 2], ["LIMIT", 1]]
  ↳ app/views/shared/_navbar.html.erb:10
  Rendered shared/_navbar.html.erb (Duration: 2.7ms | Allocations: 1544)
  Rendered shared/_flash.html.erb (Duration: 0.0ms | Allocations: 29)
  Rendered layout layouts/application.html.erb (Duration: 12.4ms | Allocations: 8328)
Completed 200 OK in 21ms (Views: 12.5ms | ActiveRecord: 1.4ms | Allocations: 11077)


Started GET "/builds" for ::1 at 2024-12-09 17:41:08 -0600
Processing by BuildsController#index as HTML
  [1m[36mUser Load (0.3ms)[0m  [1m[34mSELECT "users".* FROM "users" WHERE "users"."id" = $1 ORDER BY "users"."id" ASC LIMIT $2[0m  [["id", 2], ["LIMIT", 1]]
  Rendering layout layouts/application.html.erb
  Rendering builds/index.html.erb within layouts/application
  [1m[36mBuild Load (0.2ms)[0m  [1m[34mSELECT "builds".* FROM "builds"[0m
  ↳ app/views/builds/index.html.erb:15
  Rendered builds/index.html.erb within layouts/application (Duration: 4.7ms | Allocations: 2405)
  Rendered shared/_navbar.html.erb (Duration: 0.4ms | Allocations: 680)
  Rendered shared/_flash.html.erb (Duration: 0.0ms | Allocations: 29)
  Rendered layout layouts/application.html.erb (Duration: 8.2ms | Allocations: 8440)
Completed 200 OK in 14ms (Views: 8.8ms | ActiveRecord: 0.5ms | Allocations: 12248)


Started GET "/messages" for ::1 at 2024-12-09 17:41:09 -0600
Processing by MessagesController#index as HTML
  [1m[36mUser Load (0.7ms)[0m  [1m[34mSELECT "users".* FROM "users" WHERE "users"."id" = $1 ORDER BY "users"."id" ASC LIMIT $2[0m  [["id", 2], ["LIMIT", 1]]
  [1m[36mMessage Load (0.7ms)[0m  [1m[34mSELECT DISTINCT "messages"."recipient_id" FROM "messages" WHERE "messages"."sender_id" = $1[0m  [["sender_id", 2]]
  ↳ app/controllers/messages_controller.rb:5:in `map'
  [1m[36mMessage Load (1.0ms)[0m  [1m[34mSELECT DISTINCT "messages"."sender_id" FROM "messages" WHERE "messages"."recipient_id" = $1[0m  [["recipient_id", 2]]
  ↳ app/controllers/messages_controller.rb:6:in `map'
  Rendering layout layouts/application.html.erb
  Rendering messages/index.html.erb within layouts/application
  [1m[36mUser Exists? (3.9ms)[0m  [1m[34mSELECT 1 AS one FROM "users" WHERE "users"."id" = $1 LIMIT $2[0m  [["id", 1], ["LIMIT", 1]]
  ↳ app/views/messages/index.html.erb:3
  [1m[36mUser Load (0.4ms)[0m  [1m[34mSELECT "users".* FROM "users" WHERE "users"."id" = $1[0m  [["id", 1]]
  ↳ app/views/messages/index.html.erb:4
  Rendered messages/index.html.erb within layouts/application (Duration: 29.6ms | Allocations: 1750)
  Rendered shared/_navbar.html.erb (Duration: 0.5ms | Allocations: 666)
  Rendered shared/_flash.html.erb (Duration: 0.0ms | Allocations: 29)
  Rendered layout layouts/application.html.erb (Duration: 36.4ms | Allocations: 7811)
Completed 200 OK in 64ms (Views: 33.7ms | ActiveRecord: 13.4ms | Allocations: 16795)


Started GET "/messages/1?recipient_id=1" for ::1 at 2024-12-09 17:41:12 -0600
Processing by MessagesController#show as HTML
  Parameters: {"recipient_id"=>"1", "id"=>"1"}
  [1m[36mUser Load (0.5ms)[0m  [1m[34mSELECT "users".* FROM "users" WHERE "users"."id" = $1 ORDER BY "users"."id" ASC LIMIT $2[0m  [["id", 2], ["LIMIT", 1]]
  [1m[36mUser Load (0.3ms)[0m  [1m[34mSELECT "users".* FROM "users" WHERE "users"."id" = $1 LIMIT $2[0m  [["id", 1], ["LIMIT", 1]]
  ↳ app/controllers/messages_controller.rb:14:in `show'
  Rendering layout layouts/application.html.erb
  Rendering messages/show.html.erb within layouts/application
  [1m[36mMessage Load (1.6ms)[0m  [1m[34mSELECT "messages".* FROM "messages" WHERE ((sender_id = 2 AND recipient_id = 1) OR (sender_id = 1 AND recipient_id = 2)) ORDER BY "messages"."created_at" ASC[0m
  ↳ app/views/messages/show.html.erb:3
  [1m[36mUser Load (0.2ms)[0m  [1m[34mSELECT "users".* FROM "users" WHERE "users"."id" = $1 LIMIT $2[0m  [["id", 2], ["LIMIT", 1]]
  ↳ app/views/messages/show.html.erb:5
  [1m[36mCACHE User Load (0.0ms)[0m  [1m[34mSELECT "users".* FROM "users" WHERE "users"."id" = $1 LIMIT $2[0m  [["id", 2], ["LIMIT", 1]]
  ↳ app/views/messages/show.html.erb:5
  Rendered messages/show.html.erb within layouts/application (Duration: 6.9ms | Allocations: 3686)
  Rendered shared/_navbar.html.erb (Duration: 1.0ms | Allocations: 586)
  Rendered shared/_flash.html.erb (Duration: 0.0ms | Allocations: 20)
  Rendered layout layouts/application.html.erb (Duration: 14.4ms | Allocations: 9346)
Completed 200 OK in 22ms (Views: 12.9ms | ActiveRecord: 2.6ms | Allocations: 11782)


